<?xml version="1.0" encoding="UTF-8"?>
<!-- Generated by org.testng.reporters.JUnitReportReporter -->
<testsuite hostname="DESKTOP-EI1HR5F" failures="0" tests="10" name="PetStoreCertBDD.TestRunner" time="420.236" errors="0" timestamp="2024-02-17T16:01:33 WET" skipped="0">
  <testcase classname="PetStoreCertBDD.TestRunner" name="runScenario" time="44.048"/>
  <system-out/>
  <testcase classname="PetStoreCertBDD.TestRunner" name="runScenario" time="42.556"/>
  <system-out/>
  <testcase classname="PetStoreCertBDD.TestRunner" name="runScenario" time="43.746"/>
  <system-out/>
  <testcase classname="PetStoreCertBDD.TestRunner" name="runScenario" time="43.328"/>
  <system-out/>
  <testcase classname="PetStoreCertBDD.TestRunner" name="runScenario" time="43.691"/>
  <system-out/>
  <testcase classname="PetStoreCertBDD.TestRunner" name="runScenario" time="35.248"/>
  <system-out/>
  <testcase classname="PetStoreCertBDD.TestRunner" name="runScenario" time="43.481"/>
  <system-out/>
  <testcase classname="PetStoreCertBDD.TestRunner" name="runScenario" time="40.333"/>
  <system-out/>
  <testcase classname="PetStoreCertBDD.TestRunner" name="runScenario" time="40.452"/>
  <system-out/>
  <testcase classname="PetStoreCertBDD.TestRunner" name="runScenario" time="43.353"/>
  <system-out/>
</testsuite> <!-- PetStoreCertBDD.TestRunner -->
